2022-01-21 15:11:27,873 INFO org.springframework.boot.StartupInfoLogger [main] Starting EnjoypadelapiApplication using Java 11.0.11 on Raul with PID 16288 (C:\Users\r_mar\IdeaProjects\enjoypadelapi\target\classes started by Raul in C:\Users\r_mar\IdeaProjects\enjoypadelapi)
2022-01-21 15:11:27,876 INFO org.springframework.boot.SpringApplication [main] No active profile set, falling back to default profiles: default
2022-01-21 15:11:28,344 INFO org.springframework.data.repository.config.RepositoryConfigurationDelegate [main] Bootstrapping Spring Data JPA repositories in DEFAULT mode.
2022-01-21 15:11:28,401 INFO org.springframework.data.repository.config.RepositoryConfigurationDelegate [main] Finished Spring Data repository scanning in 51 ms. Found 6 JPA repository interfaces.
2022-01-21 15:11:28,886 INFO org.springframework.boot.web.embedded.tomcat.TomcatWebServer [main] Tomcat initialized with port(s): 8080 (http)
2022-01-21 15:11:28,894 INFO org.apache.juli.logging.DirectJDKLog [main] Initializing ProtocolHandler ["http-nio-8080"]
2022-01-21 15:11:28,895 INFO org.apache.juli.logging.DirectJDKLog [main] Starting service [Tomcat]
2022-01-21 15:11:28,895 INFO org.apache.juli.logging.DirectJDKLog [main] Starting Servlet engine: [Apache Tomcat/9.0.54]
2022-01-21 15:11:28,962 INFO org.apache.juli.logging.DirectJDKLog [main] Initializing Spring embedded WebApplicationContext
2022-01-21 15:11:28,963 INFO org.springframework.boot.web.servlet.context.ServletWebServerApplicationContext [main] Root WebApplicationContext: initialization completed in 1051 ms
2022-01-21 15:11:28,983 INFO com.zaxxer.hikari.HikariDataSource [main] HikariPool-1 - Starting...
2022-01-21 15:11:29,096 INFO com.zaxxer.hikari.HikariDataSource [main] HikariPool-1 - Start completed.
2022-01-21 15:11:29,100 INFO org.springframework.boot.autoconfigure.h2.H2ConsoleAutoConfiguration [main] H2 console available at '/h2-console'. Database available at 'jdbc:h2:file:C:/Users/r_mar/enjoypadelapi.db'
2022-01-21 15:11:29,192 INFO org.hibernate.jpa.internal.util.LogHelper [main] HHH000204: Processing PersistenceUnitInfo [name: default]
2022-01-21 15:11:29,241 INFO org.hibernate.Version [main] HHH000412: Hibernate ORM core version 5.4.32.Final
2022-01-21 15:11:29,329 INFO org.hibernate.annotations.common.reflection.java.JavaReflectionManager [main] HCANN000001: Hibernate Commons Annotations {5.1.2.Final}
2022-01-21 15:11:29,405 INFO org.hibernate.dialect.Dialect [main] HHH000400: Using dialect: org.hibernate.dialect.H2Dialect
2022-01-21 15:11:29,856 INFO org.hibernate.engine.transaction.jta.platform.internal.JtaPlatformInitiator [main] HHH000490: Using JtaPlatform implementation: [org.hibernate.engine.transaction.jta.platform.internal.NoJtaPlatform]
2022-01-21 15:11:29,862 INFO org.springframework.orm.jpa.AbstractEntityManagerFactoryBean [main] Initialized JPA EntityManagerFactory for persistence unit 'default'
2022-01-21 15:11:30,081 WARN org.springframework.boot.autoconfigure.orm.jpa.JpaBaseConfiguration$JpaWebConfiguration [main] spring.jpa.open-in-view is enabled by default. Therefore, database queries may be performed during view rendering. Explicitly configure spring.jpa.open-in-view to disable this warning
2022-01-21 15:11:30,260 INFO org.apache.juli.logging.DirectJDKLog [main] Starting ProtocolHandler ["http-nio-8080"]
2022-01-21 15:11:30,280 INFO org.springframework.boot.web.embedded.tomcat.TomcatWebServer [main] Tomcat started on port(s): 8080 (http) with context path ''
2022-01-21 15:11:30,286 INFO org.springframework.boot.StartupInfoLogger [main] Started EnjoypadelapiApplication in 2.778 seconds (JVM running for 3.077)
2022-01-21 16:05:39,920 INFO org.springframework.boot.StartupInfoLogger [main] Starting EnjoypadelapiApplication using Java 11.0.11 on Raul with PID 3464 (C:\Users\r_mar\IdeaProjects\enjoypadelapi\target\classes started by Raul in C:\Users\r_mar\IdeaProjects\enjoypadelapi)
2022-01-21 16:05:39,922 INFO org.springframework.boot.SpringApplication [main] No active profile set, falling back to default profiles: default
2022-01-21 16:05:40,300 INFO org.springframework.data.repository.config.RepositoryConfigurationDelegate [main] Bootstrapping Spring Data JPA repositories in DEFAULT mode.
2022-01-21 16:05:40,352 INFO org.springframework.data.repository.config.RepositoryConfigurationDelegate [main] Finished Spring Data repository scanning in 46 ms. Found 6 JPA repository interfaces.
2022-01-21 16:05:40,808 INFO org.springframework.boot.web.embedded.tomcat.TomcatWebServer [main] Tomcat initialized with port(s): 8080 (http)
2022-01-21 16:05:40,815 INFO org.apache.juli.logging.DirectJDKLog [main] Initializing ProtocolHandler ["http-nio-8080"]
2022-01-21 16:05:40,815 INFO org.apache.juli.logging.DirectJDKLog [main] Starting service [Tomcat]
2022-01-21 16:05:40,816 INFO org.apache.juli.logging.DirectJDKLog [main] Starting Servlet engine: [Apache Tomcat/9.0.54]
2022-01-21 16:05:40,879 INFO org.apache.juli.logging.DirectJDKLog [main] Initializing Spring embedded WebApplicationContext
2022-01-21 16:05:40,879 INFO org.springframework.boot.web.servlet.context.ServletWebServerApplicationContext [main] Root WebApplicationContext: initialization completed in 928 ms
2022-01-21 16:05:40,899 INFO com.zaxxer.hikari.HikariDataSource [main] HikariPool-1 - Starting...
2022-01-21 16:05:40,991 INFO com.zaxxer.hikari.HikariDataSource [main] HikariPool-1 - Start completed.
2022-01-21 16:05:40,995 INFO org.springframework.boot.autoconfigure.h2.H2ConsoleAutoConfiguration [main] H2 console available at '/h2-console'. Database available at 'jdbc:h2:file:C:/Users/r_mar/enjoypadelapi.db'
2022-01-21 16:05:41,074 INFO org.hibernate.jpa.internal.util.LogHelper [main] HHH000204: Processing PersistenceUnitInfo [name: default]
2022-01-21 16:05:41,098 INFO org.hibernate.Version [main] HHH000412: Hibernate ORM core version 5.4.32.Final
2022-01-21 16:05:41,164 INFO org.hibernate.annotations.common.reflection.java.JavaReflectionManager [main] HCANN000001: Hibernate Commons Annotations {5.1.2.Final}
2022-01-21 16:05:41,221 INFO org.hibernate.dialect.Dialect [main] HHH000400: Using dialect: org.hibernate.dialect.H2Dialect
2022-01-21 16:05:41,652 INFO org.hibernate.engine.transaction.jta.platform.internal.JtaPlatformInitiator [main] HHH000490: Using JtaPlatform implementation: [org.hibernate.engine.transaction.jta.platform.internal.NoJtaPlatform]
2022-01-21 16:05:41,658 INFO org.springframework.orm.jpa.AbstractEntityManagerFactoryBean [main] Initialized JPA EntityManagerFactory for persistence unit 'default'
2022-01-21 16:05:41,863 WARN org.springframework.boot.autoconfigure.orm.jpa.JpaBaseConfiguration$JpaWebConfiguration [main] spring.jpa.open-in-view is enabled by default. Therefore, database queries may be performed during view rendering. Explicitly configure spring.jpa.open-in-view to disable this warning
2022-01-21 16:05:42,017 INFO org.apache.juli.logging.DirectJDKLog [main] Starting ProtocolHandler ["http-nio-8080"]
2022-01-21 16:05:42,030 INFO org.springframework.boot.web.embedded.tomcat.TomcatWebServer [main] Tomcat started on port(s): 8080 (http) with context path ''
2022-01-21 16:05:42,037 INFO org.springframework.boot.StartupInfoLogger [main] Started EnjoypadelapiApplication in 2.409 seconds (JVM running for 2.683)
