2022-04-04 23:59:05,491 INFO org.springframework.boot.StartupInfoLogger [main] Starting EnjoypadelapiApplication using Java 11.0.11 on Raul with PID 8496 (C:\Users\r_mar\IdeaProjects\enjoypadelapi\target\classes started by Raul in C:\Users\r_mar\IdeaProjects\enjoypadelapi)
2022-04-04 23:59:05,496 INFO org.springframework.boot.SpringApplication [main] No active profile set, falling back to default profiles: default
2022-04-04 23:59:05,882 INFO org.springframework.data.repository.config.RepositoryConfigurationDelegate [main] Bootstrapping Spring Data JPA repositories in DEFAULT mode.
2022-04-04 23:59:05,927 INFO org.springframework.data.repository.config.RepositoryConfigurationDelegate [main] Finished Spring Data repository scanning in 39 ms. Found 6 JPA repository interfaces.
2022-04-04 23:59:06,372 INFO org.springframework.boot.web.embedded.tomcat.TomcatWebServer [main] Tomcat initialized with port(s): 8080 (http)
2022-04-04 23:59:06,378 INFO org.apache.juli.logging.DirectJDKLog [main] Initializing ProtocolHandler ["http-nio-8080"]
2022-04-04 23:59:06,379 INFO org.apache.juli.logging.DirectJDKLog [main] Starting service [Tomcat]
2022-04-04 23:59:06,379 INFO org.apache.juli.logging.DirectJDKLog [main] Starting Servlet engine: [Apache Tomcat/9.0.54]
2022-04-04 23:59:06,443 INFO org.apache.juli.logging.DirectJDKLog [main] Initializing Spring embedded WebApplicationContext
2022-04-04 23:59:06,443 INFO org.springframework.boot.web.servlet.context.ServletWebServerApplicationContext [main] Root WebApplicationContext: initialization completed in 918 ms
2022-04-04 23:59:06,465 INFO com.zaxxer.hikari.HikariDataSource [main] HikariPool-1 - Starting...
2022-04-04 23:59:06,571 INFO com.zaxxer.hikari.HikariDataSource [main] HikariPool-1 - Start completed.
2022-04-04 23:59:06,575 INFO org.springframework.boot.autoconfigure.h2.H2ConsoleAutoConfiguration [main] H2 console available at '/h2-console'. Database available at 'jdbc:h2:file:C:/Users/r_mar/enjoypadelapi.db'
2022-04-04 23:59:06,654 INFO org.hibernate.jpa.internal.util.LogHelper [main] HHH000204: Processing PersistenceUnitInfo [name: default]
2022-04-04 23:59:06,678 INFO org.hibernate.Version [main] HHH000412: Hibernate ORM core version 5.4.32.Final
2022-04-04 23:59:06,745 INFO org.hibernate.annotations.common.reflection.java.JavaReflectionManager [main] HCANN000001: Hibernate Commons Annotations {5.1.2.Final}
2022-04-04 23:59:06,799 INFO org.hibernate.dialect.Dialect [main] HHH000400: Using dialect: org.hibernate.dialect.H2Dialect
2022-04-04 23:59:07,263 INFO org.hibernate.engine.transaction.jta.platform.internal.JtaPlatformInitiator [main] HHH000490: Using JtaPlatform implementation: [org.hibernate.engine.transaction.jta.platform.internal.NoJtaPlatform]
2022-04-04 23:59:07,270 INFO org.springframework.orm.jpa.AbstractEntityManagerFactoryBean [main] Initialized JPA EntityManagerFactory for persistence unit 'default'
2022-04-04 23:59:07,505 WARN org.springframework.boot.autoconfigure.orm.jpa.JpaBaseConfiguration$JpaWebConfiguration [main] spring.jpa.open-in-view is enabled by default. Therefore, database queries may be performed during view rendering. Explicitly configure spring.jpa.open-in-view to disable this warning
2022-04-04 23:59:07,681 INFO org.apache.juli.logging.DirectJDKLog [main] Starting ProtocolHandler ["http-nio-8080"]
2022-04-04 23:59:07,695 INFO org.springframework.boot.web.embedded.tomcat.TomcatWebServer [main] Tomcat started on port(s): 8080 (http) with context path ''
2022-04-04 23:59:07,701 INFO org.springframework.boot.StartupInfoLogger [main] Started EnjoypadelapiApplication in 2.502 seconds (JVM running for 2.785)
2022-04-04 23:59:30,206 INFO org.springframework.boot.StartupInfoLogger [main] Starting EnjoypadelapiApplication using Java 17 on Raul with PID 1688 (C:\Users\r_mar\IdeaProjects\enjoypadelapi\target\classes started by Raul in C:\Users\r_mar\IdeaProjects\enjoypadelapi)
2022-04-04 23:59:30,208 INFO org.springframework.boot.SpringApplication [main] No active profile set, falling back to default profiles: default
2022-04-04 23:59:30,736 INFO org.springframework.data.repository.config.RepositoryConfigurationDelegate [main] Bootstrapping Spring Data JPA repositories in DEFAULT mode.
2022-04-04 23:59:30,811 INFO org.springframework.data.repository.config.RepositoryConfigurationDelegate [main] Finished Spring Data repository scanning in 62 ms. Found 6 JPA repository interfaces.
2022-04-04 23:59:31,282 INFO org.springframework.boot.web.embedded.tomcat.TomcatWebServer [main] Tomcat initialized with port(s): 8080 (http)
2022-04-04 23:59:31,290 INFO org.apache.juli.logging.DirectJDKLog [main] Initializing ProtocolHandler ["http-nio-8080"]
2022-04-04 23:59:31,290 INFO org.apache.juli.logging.DirectJDKLog [main] Starting service [Tomcat]
2022-04-04 23:59:31,291 INFO org.apache.juli.logging.DirectJDKLog [main] Starting Servlet engine: [Apache Tomcat/9.0.54]
2022-04-04 23:59:31,376 INFO org.apache.juli.logging.DirectJDKLog [main] Initializing Spring embedded WebApplicationContext
2022-04-04 23:59:31,376 INFO org.springframework.boot.web.servlet.context.ServletWebServerApplicationContext [main] Root WebApplicationContext: initialization completed in 1120 ms
2022-04-04 23:59:31,401 INFO com.zaxxer.hikari.HikariDataSource [main] HikariPool-1 - Starting...
2022-04-04 23:59:31,550 INFO com.zaxxer.hikari.HikariDataSource [main] HikariPool-1 - Start completed.
2022-04-04 23:59:31,555 INFO org.springframework.boot.autoconfigure.h2.H2ConsoleAutoConfiguration [main] H2 console available at '/h2-console'. Database available at 'jdbc:h2:file:C:/Users/r_mar/enjoypadelapi.db'
2022-04-04 23:59:31,687 INFO org.hibernate.jpa.internal.util.LogHelper [main] HHH000204: Processing PersistenceUnitInfo [name: default]
2022-04-04 23:59:31,726 INFO org.hibernate.Version [main] HHH000412: Hibernate ORM core version 5.4.32.Final
2022-04-04 23:59:31,833 INFO org.hibernate.annotations.common.reflection.java.JavaReflectionManager [main] HCANN000001: Hibernate Commons Annotations {5.1.2.Final}
2022-04-04 23:59:31,916 INFO org.hibernate.dialect.Dialect [main] HHH000400: Using dialect: org.hibernate.dialect.H2Dialect
2022-04-04 23:59:32,511 INFO org.hibernate.engine.transaction.jta.platform.internal.JtaPlatformInitiator [main] HHH000490: Using JtaPlatform implementation: [org.hibernate.engine.transaction.jta.platform.internal.NoJtaPlatform]
2022-04-04 23:59:32,520 INFO org.springframework.orm.jpa.AbstractEntityManagerFactoryBean [main] Initialized JPA EntityManagerFactory for persistence unit 'default'
2022-04-04 23:59:32,838 WARN org.springframework.boot.autoconfigure.orm.jpa.JpaBaseConfiguration$JpaWebConfiguration [main] spring.jpa.open-in-view is enabled by default. Therefore, database queries may be performed during view rendering. Explicitly configure spring.jpa.open-in-view to disable this warning
2022-04-04 23:59:33,092 INFO org.apache.juli.logging.DirectJDKLog [main] Starting ProtocolHandler ["http-nio-8080"]
2022-04-04 23:59:33,124 INFO org.springframework.boot.web.embedded.tomcat.TomcatWebServer [main] Tomcat started on port(s): 8080 (http) with context path ''
2022-04-04 23:59:33,134 INFO org.springframework.boot.StartupInfoLogger [main] Started EnjoypadelapiApplication in 3.28 seconds (JVM running for 3.643)
2022-04-04 23:59:45,163 INFO org.springframework.orm.jpa.AbstractEntityManagerFactoryBean [SpringApplicationShutdownHook] Closing JPA EntityManagerFactory for persistence unit 'default'
2022-04-04 23:59:45,164 INFO com.zaxxer.hikari.HikariDataSource [SpringApplicationShutdownHook] HikariPool-1 - Shutdown initiated...
2022-04-04 23:59:45,166 INFO com.zaxxer.hikari.HikariDataSource [SpringApplicationShutdownHook] HikariPool-1 - Shutdown completed.
